<?xml version="1.0" encoding="UTF-8"?>
<robot generator="Robot 7.3.2 (Python 3.12.10 on win32)" generated="2025-07-30T17:18:10.409490" rpa="false" schemaversion="5">
<suite id="s1" name="Testes" source="C:\Users\migue\OneDrive\Documentos\estudo-cypress\robot-framework\estudos-robot-framework\testes.robot">
<test id="s1-t1" name="Verificar diretório atual" line="5">
<kw name="Run" owner="OperatingSystem">
<msg time="2025-07-30T17:18:10.528496" level="INFO">Running command 'pwd 2&gt;&amp;1'.</msg>
<msg time="2025-07-30T17:18:10.547183" level="INFO">${output} = 'pwd' nÆo ‚ reconhecido como um comando interno
ou externo, um programa oper vel ou um arquivo em lotes.</msg>
<var>${output}</var>
<arg>pwd</arg>
<doc>Runs the given command in the system and returns the output.</doc>
<status status="PASS" start="2025-07-30T17:18:10.518440" elapsed="0.028743"/>
</kw>
<kw name="Log" owner="BuiltIn">
<msg time="2025-07-30T17:18:10.548182" level="INFO">Diretório atual: 'pwd' nÆo ‚ reconhecido como um comando interno
ou externo, um programa oper vel ou um arquivo em lotes.</msg>
<arg>Diretório atual: ${output}</arg>
<doc>Logs the given message with the given level.</doc>
<status status="PASS" start="2025-07-30T17:18:10.548182" elapsed="0.000000"/>
</kw>
<doc>Verifica se o diretório atual é acessível</doc>
<status status="PASS" start="2025-07-30T17:18:10.518440" elapsed="0.029742"/>
</test>
<status status="PASS" start="2025-07-30T17:18:10.411419" elapsed="0.137790"/>
</suite>
<statistics>
<total>
<stat pass="1" fail="0" skip="0">All Tests</stat>
</total>
<tag>
</tag>
<suite>
<stat name="Testes" id="s1" pass="1" fail="0" skip="0">Testes</stat>
</suite>
</statistics>
<errors>
</errors>
</robot>
